Build started 8/7/2016 3:17:03 AM.
     1>Project "D:\MyStuff\Programming\Projects\Cavestory\Development\cavestory-development\cavestory-development.vcxproj" on node 2 (Build target(s)).
     1>C:\Program Files (x86)\MSBuild\Microsoft.Cpp\v4.0\V140\Microsoft.CppBuild.targets(392,5): warning MSB8028: The intermediate directory (Debug\) contains files shared from another project (cavestory-development.vcxproj).  This can lead to incorrect clean and rebuild behavior.
     1>ClCompile:
         D:\MyStuff\MyOtherStuff\VC\bin\CL.exe /c /I"D:\MyStuff\Programming\Projects\Cavestory\Development\cavestory-development\source\headers" /Zi /nologo /W3 /WX- /Od /Oy- /D WIN32 /D _DEBUG /D _WINDOWS /Gm /EHsc /RTC1 /MDd /GS /fp:precise /Zc:wchar_t /Zc:forScope /Zc:inline /Fo"Debug\\" /Fd"Debug\vc140.pdb" /Gd /TP /analyze- /errorReport:prompt source\src\input.cpp
         input.cpp
       Link:
         D:\MyStuff\MyOtherStuff\VC\bin\link.exe /ERRORREPORT:PROMPT /OUT:"D:\MyStuff\Programming\Projects\Cavestory\Development\cavestory-development\Debug\cavestory-development.exe" /INCREMENTAL /NOLOGO sdl2.lib sdl2main.lib sdl2_image.lib kernel32.lib user32.lib gdi32.lib winspool.lib comdlg32.lib advapi32.lib shell32.lib ole32.lib oleaut32.lib uuid.lib odbc32.lib odbccp32.lib /MANIFEST /MANIFESTUAC:"level='asInvoker' uiAccess='false'" /manifest:embed /Debug /PDB:"D:\MyStuff\Programming\Projects\Cavestory\Development\cavestory-development\Debug\cavestory-development.pdb" /SUBSYSTEM:WINDOWS /TLBID:1 /DYNAMICBASE /NXCOMPAT /IMPLIB:"D:\MyStuff\Programming\Projects\Cavestory\Development\cavestory-development\Debug\cavestory-development.lib" /MACHINE:X86 Debug\animatedsprite.obj
         Debug\animatedtile.obj
         Debug\game.obj
         Debug\graphics.obj
         Debug\input.obj
         Debug\level.obj
         Debug\main.obj
         Debug\player.obj
         Debug\sprite.obj
         Debug\tile.obj
         Debug\tinyxml2.obj
         cavestory-development.vcxproj -> D:\MyStuff\Programming\Projects\Cavestory\Development\cavestory-development\Debug\cavestory-development.exe
     1>Done Building Project "D:\MyStuff\Programming\Projects\Cavestory\Development\cavestory-development\cavestory-development.vcxproj" (Build target(s)).

Build succeeded.

Time Elapsed 00:00:00.49
