d:\mystuff\programming\projects\cavestory\development\cavestory-development\debug\vc140.pdb
d:\mystuff\programming\projects\cavestory\development\cavestory-development\debug\vc140.idb
d:\mystuff\programming\projects\cavestory\development\cavestory-development\debug\animatedsprite.obj
d:\mystuff\programming\projects\cavestory\development\cavestory-development\debug\animatedtile.obj
d:\mystuff\programming\projects\cavestory\development\cavestory-development\debug\game.obj
d:\mystuff\programming\projects\cavestory\development\cavestory-development\debug\graphics.obj
d:\mystuff\programming\projects\cavestory\development\cavestory-development\debug\input.obj
d:\mystuff\programming\projects\cavestory\development\cavestory-development\debug\level.obj
d:\mystuff\programming\projects\cavestory\development\cavestory-development\debug\main.obj
d:\mystuff\programming\projects\cavestory\development\cavestory-development\debug\player.obj
d:\mystuff\programming\projects\cavestory\development\cavestory-development\debug\sprite.obj
d:\mystuff\programming\projects\cavestory\development\cavestory-development\debug\tile.obj
d:\mystuff\programming\projects\cavestory\development\cavestory-development\debug\tinyxml2.obj
d:\mystuff\programming\projects\cavestory\development\cavestory-development\debug\cavestory-development.ilk
d:\mystuff\programming\projects\cavestory\development\cavestory-development\debug\cavestory-development.exe
d:\mystuff\programming\projects\cavestory\development\cavestory-development\debug\cavestory-development.pdb
d:\mystuff\programming\projects\cavestory\development\cavestory-development\debug\cavestor.0a9b4a14.tlog\cl.command.1.tlog
d:\mystuff\programming\projects\cavestory\development\cavestory-development\debug\cavestor.0a9b4a14.tlog\cl.read.1.tlog
d:\mystuff\programming\projects\cavestory\development\cavestory-development\debug\cavestor.0a9b4a14.tlog\cl.write.1.tlog
d:\mystuff\programming\projects\cavestory\development\cavestory-development\debug\cavestor.0a9b4a14.tlog\link.command.1.tlog
d:\mystuff\programming\projects\cavestory\development\cavestory-development\debug\cavestor.0a9b4a14.tlog\link.read.1.tlog
d:\mystuff\programming\projects\cavestory\development\cavestory-development\debug\cavestor.0a9b4a14.tlog\link.write.1.tlog
